c:\users\leona\documents\programming\chat\bin\intermediates\win32\debug\vc142.pdb
c:\users\leona\documents\programming\chat\bin\intermediates\win32\debug\vc142.idb
c:\users\leona\documents\programming\chat\bin\intermediates\win32\debug\server.obj
c:\users\leona\documents\programming\chat\bin\intermediates\win32\debug\main.obj
c:\users\leona\documents\programming\chat\bin\intermediates\win32\debug\client.obj
c:\users\leona\documents\programming\chat\bin\win32\debug\chatserver.pdb
c:\users\leona\documents\programming\chat\bin\intermediates\win32\debug\chatserver.tlog\cl.command.1.tlog
c:\users\leona\documents\programming\chat\bin\intermediates\win32\debug\chatserver.tlog\cl.read.1.tlog
c:\users\leona\documents\programming\chat\bin\intermediates\win32\debug\chatserver.tlog\cl.write.1.tlog
c:\users\leona\documents\programming\chat\bin\intermediates\win32\debug\chatserver.tlog\link-cvtres.read.1.tlog
c:\users\leona\documents\programming\chat\bin\intermediates\win32\debug\chatserver.tlog\link-cvtres.write.1.tlog
c:\users\leona\documents\programming\chat\bin\intermediates\win32\debug\chatserver.tlog\link-rc.read.1.tlog
c:\users\leona\documents\programming\chat\bin\intermediates\win32\debug\chatserver.tlog\link-rc.write.1.tlog
c:\users\leona\documents\programming\chat\bin\intermediates\win32\debug\chatserver.tlog\link.23668-cvtres.read.1.tlog
c:\users\leona\documents\programming\chat\bin\intermediates\win32\debug\chatserver.tlog\link.23668-cvtres.write.1.tlog
c:\users\leona\documents\programming\chat\bin\intermediates\win32\debug\chatserver.tlog\link.23668-rc.read.1.tlog
c:\users\leona\documents\programming\chat\bin\intermediates\win32\debug\chatserver.tlog\link.23668-rc.write.1.tlog
c:\users\leona\documents\programming\chat\bin\intermediates\win32\debug\chatserver.tlog\link.23668.read.1.tlog
c:\users\leona\documents\programming\chat\bin\intermediates\win32\debug\chatserver.tlog\link.23668.write.1.tlog
c:\users\leona\documents\programming\chat\bin\intermediates\win32\debug\chatserver.tlog\link.command.1.tlog
c:\users\leona\documents\programming\chat\bin\intermediates\win32\debug\chatserver.tlog\link.read.1.tlog
c:\users\leona\documents\programming\chat\bin\intermediates\win32\debug\chatserver.tlog\link.write.1.tlog
